c:\users\cxxx\desktop\projeler\bıg_ınteger_multıplıcatıon\bıg_ınteger_multıplıcatıon\x64\debug\vc142.pdb
c:\users\cxxx\desktop\projeler\bıg_ınteger_multıplıcatıon\bıg_ınteger_multıplıcatıon\x64\debug\vc142.ıdb
c:\users\cxxx\desktop\projeler\bıg_ınteger_multıplıcatıon\bıg_ınteger_multıplıcatıon\x64\debug\maın.obj
c:\users\cxxx\desktop\projeler\bıg_ınteger_multıplıcatıon\bıg_ınteger_multıplıcatıon\x64\debug\bıgınteger.obj
c:\users\cxxx\desktop\projeler\bıg_ınteger_multıplıcatıon\x64\debug\bıg_ınteger_multıplıcatıon.exe
c:\users\cxxx\desktop\projeler\bıg_ınteger_multıplıcatıon\x64\debug\bıg_ınteger_multıplıcatıon.ılk
c:\users\cxxx\desktop\projeler\bıg_ınteger_multıplıcatıon\x64\debug\bıg_ınteger_multıplıcatıon.pdb
c:\users\cxxx\desktop\projeler\big_ınteger_multiplication\big_ınteger_multiplication\x64\debug\bigınteger.obj
c:\users\cxxx\desktop\projeler\big_ınteger_multiplication\big_ınteger_multiplication\x64\debug\main.obj
c:\users\cxxx\desktop\projeler\big_ınteger_multiplication\big_ınteger_multiplication\x64\debug\vc142.idb
c:\users\cxxx\desktop\projeler\big_ınteger_multiplication\big_ınteger_multiplication\x64\debug\vc142.pdb
c:\users\cxxx\desktop\projeler\big_ınteger_multiplication\x64\debug\big_ınteger_multiplication.pdb
c:\users\cxxx\desktop\projeler\big_ınteger_multiplication\x64\debug\big_ınteger_multiplication.exe
c:\users\cxxx\desktop\projeler\big_ınteger_multiplication\x64\debug\big_ınteger_multiplication.ilk
c:\users\cxxx\desktop\projeler\big_ınteger_multiplication\big_ınteger_multiplication\x64\debug\big_ınte.5514648e.tlog\cl.command.1.tlog
c:\users\cxxx\desktop\projeler\big_ınteger_multiplication\big_ınteger_multiplication\x64\debug\big_ınte.5514648e.tlog\cl.read.1.tlog
c:\users\cxxx\desktop\projeler\big_ınteger_multiplication\big_ınteger_multiplication\x64\debug\big_ınte.5514648e.tlog\cl.write.1.tlog
c:\users\cxxx\desktop\projeler\big_ınteger_multiplication\big_ınteger_multiplication\x64\debug\big_ınte.5514648e.tlog\link.command.1.tlog
c:\users\cxxx\desktop\projeler\big_ınteger_multiplication\big_ınteger_multiplication\x64\debug\big_ınte.5514648e.tlog\link.read.1.tlog
c:\users\cxxx\desktop\projeler\big_ınteger_multiplication\big_ınteger_multiplication\x64\debug\big_ınte.5514648e.tlog\link.write.1.tlog
